<?xml version="1.0" encoding="UTF-8"?>
<testng-results ignored="0" total="1" passed="1" failed="0" skipped="0">
  <reporter-output>
  </reporter-output>
  <suite started-at="2022-01-16T09:55:32 GMT" name="Default suite" finished-at="2022-01-16T09:55:33 GMT" duration-ms="1630">
    <groups>
    </groups>
    <test started-at="2022-01-16T09:55:32 GMT" name="Default test" finished-at="2022-01-16T09:55:33 GMT" duration-ms="1630">
      <class name="_01_com.masteringrestassured.api.tests.get._02_Get_Request_Extract_Node_Text_Using_JsonPath_Class">
        <test-method signature="getUserIdAssociatedPosts_AndValidateNoRangeOfTheReturnedPostIds()[pri:0, instance:_01_com.masteringrestassured.api.tests.get._02_Get_Request_Extract_Node_Text_Using_JsonPath_Class@2177849e]" started-at="2022-01-16T09:55:32 GMT" name="getUserIdAssociatedPosts_AndValidateNoRangeOfTheReturnedPostIds" finished-at="2022-01-16T09:55:33 GMT" duration-ms="1604" status="PASS">
          <reporter-output>
          </reporter-output>
        </test-method> <!-- getUserIdAssociatedPosts_AndValidateNoRangeOfTheReturnedPostIds -->
      </class> <!-- _01_com.masteringrestassured.api.tests.get._02_Get_Request_Extract_Node_Text_Using_JsonPath_Class -->
    </test> <!-- Default test -->
  </suite> <!-- Default suite -->
</testng-results>
