<?xml version="1.0" encoding="UTF-8"?>
<testng-results ignored="0" total="1" passed="1" failed="0" skipped="0">
  <reporter-output>
  </reporter-output>
  <suite started-at="2022-01-15T21:54:03 GMT" name="Default suite" finished-at="2022-01-15T21:54:08 GMT" duration-ms="4481">
    <groups>
    </groups>
    <test started-at="2022-01-15T21:54:03 GMT" name="Default test" finished-at="2022-01-15T21:54:08 GMT" duration-ms="4481">
      <class name="_02_com.masteringrestassured.api.tests.post._01_Post_Request_And_Assertion_To_Determine_If_Operation_Successful">
        <test-method signature="postUserIdWithNonEmptyTitleAndBody_AssertOperationSuccessful()[pri:0, instance:_02_com.masteringrestassured.api.tests.post._01_Post_Request_And_Assertion_To_Determine_If_Operation_Successful@69fb6037]" started-at="2022-01-15T21:54:03 GMT" name="postUserIdWithNonEmptyTitleAndBody_AssertOperationSuccessful" finished-at="2022-01-15T21:54:08 GMT" duration-ms="4456" status="PASS">
          <reporter-output>
          </reporter-output>
        </test-method> <!-- postUserIdWithNonEmptyTitleAndBody_AssertOperationSuccessful -->
      </class> <!-- _02_com.masteringrestassured.api.tests.post._01_Post_Request_And_Assertion_To_Determine_If_Operation_Successful -->
    </test> <!-- Default test -->
  </suite> <!-- Default suite -->
</testng-results>
